testDatetimeIterator (datetime_iterator_test.UnitTest) ... ok
testAvailables (test_model.UnitTest) ... ok
testDailyBooks (test_model.UnitTest) ... FAIL
testIsHoliday (test_model.UnitTest) ... ok
testMonthlyBooks (test_model.UnitTest) ... ok
testPrice (test_model.UnitTest) ... ok
testRecentlyReservations (test_model.UnitTest) ... ok
testReservation (test_model.UnitTest) ... ok
testRoomSet (test_model.UnitTest) ... ok
testSpecial (test_model.UnitTest) ... FAIL
testURLMaker (test_model.UnitTest) ... ok

======================================================================
FAIL: testDailyBooks (test_model.UnitTest)
----------------------------------------------------------------------
Traceback (most recent call last):
  File "D:\stxt\hlhomestay\test\test_model.py", line 161, in testDailyBooks
    self.assertEqual(2, sum(1 for b in bs))
AssertionError: 2 != 3
-------------------- >> begin captured logging << --------------------
root: Level 9: Evaling filter expression "datastore_types.Key.from_path(u'Homestay', 15, _app=u'hlhomestay') == datastore_types.Key.from_path(u'Homestay', 15, _app=u'hlhomestay')"
root: Level 9: Evaling filter expression "datastore_types.Key.from_path(u'Homestay', 15, _app=u'hlhomestay') == datastore_types.Key.from_path(u'Homestay', 15, _app=u'hlhomestay')"
root: Level 9: Evaling filter expression "datastore_types.Key.from_path(u'Homestay', 15, _app=u'hlhomestay') == datastore_types.Key.from_path(u'Homestay', 15, _app=u'hlhomestay')"
root: Level 9: Evaling filter expression "datetime.datetime(2010, 8, 4, 0, 0) > datetime.datetime(2010, 9, 18, 0, 0)"
root: Level 9: Evaling filter expression "datetime.datetime(2010, 9, 20, 0, 0) > datetime.datetime(2010, 9, 18, 0, 0)"
root: Level 9: Evaling filter expression "datetime.datetime(2010, 9, 18, 0, 0) > datetime.datetime(2010, 9, 18, 0, 0)"
root: Level 9: Evaling filter expression "datetime.datetime(2010, 9, 29, 0, 0) > datetime.datetime(2010, 9, 18, 0, 0)"
root: Level 9: Evaling filter expression "datetime.datetime(2010, 9, 21, 0, 0) > datetime.datetime(2010, 9, 18, 0, 0)"
root: Level 9: Evaling filter expression "datastore_types.Key.from_path(u'Room', 16, _app=u'hlhomestay') == datastore_types.Key.from_path(u'Room', 16, _app=u'hlhomestay')"
root: Level 9: Evaling filter expression "datastore_types.Key.from_path(u'Room', 16, _app=u'hlhomestay') == datastore_types.Key.from_path(u'Room', 16, _app=u'hlhomestay')"
root: Level 9: Evaling filter expression "datastore_types.Key.from_path(u'Room', 20, _app=u'hlhomestay') == datastore_types.Key.from_path(u'Room', 16, _app=u'hlhomestay')"
root: Level 9: Evaling filter expression "datetime.datetime(2010, 8, 4, 0, 0) > datetime.datetime(2010, 9, 18, 0, 0)"
root: Level 9: Evaling filter expression "datetime.datetime(2010, 9, 20, 0, 0) > datetime.datetime(2010, 9, 18, 0, 0)"
root: Level 9: Evaling filter expression "datetime.datetime(2010, 9, 18, 0, 0) > datetime.datetime(2010, 9, 18, 0, 0)"
root: Level 9: Evaling filter expression "datetime.datetime(2010, 9, 29, 0, 0) > datetime.datetime(2010, 9, 18, 0, 0)"
root: Level 9: Evaling filter expression "datetime.datetime(2010, 9, 21, 0, 0) > datetime.datetime(2010, 9, 18, 0, 0)"
root: Level 9: Evaling filter expression "datastore_types.Key.from_path(u'Room', 16, _app=u'hlhomestay') == datastore_types.Key.from_path(u'Room', 20, _app=u'hlhomestay')"
root: Level 9: Evaling filter expression "datastore_types.Key.from_path(u'Room', 16, _app=u'hlhomestay') == datastore_types.Key.from_path(u'Room', 20, _app=u'hlhomestay')"
root: Level 9: Evaling filter expression "datastore_types.Key.from_path(u'Room', 20, _app=u'hlhomestay') == datastore_types.Key.from_path(u'Room', 20, _app=u'hlhomestay')"
root: Level 9: Evaling filter expression "datetime.datetime(2010, 8, 4, 0, 0) > datetime.datetime(2010, 9, 18, 0, 0)"
root: Level 9: Evaling filter expression "datetime.datetime(2010, 9, 20, 0, 0) > datetime.datetime(2010, 9, 18, 0, 0)"
root: Level 9: Evaling filter expression "datetime.datetime(2010, 9, 18, 0, 0) > datetime.datetime(2010, 9, 18, 0, 0)"
root: Level 9: Evaling filter expression "datetime.datetime(2010, 9, 29, 0, 0) > datetime.datetime(2010, 9, 18, 0, 0)"
root: Level 9: Evaling filter expression "datetime.datetime(2010, 9, 21, 0, 0) > datetime.datetime(2010, 9, 18, 0, 0)"
root: Level 9: Evaling filter expression "datastore_types.Key.from_path(u'Room', 16, _app=u'hlhomestay') == datastore_types.Key.from_path(u'Room', 22, _app=u'hlhomestay')"
root: Level 9: Evaling filter expression "datastore_types.Key.from_path(u'Room', 16, _app=u'hlhomestay') == datastore_types.Key.from_path(u'Room', 22, _app=u'hlhomestay')"
root: Level 9: Evaling filter expression "datastore_types.Key.from_path(u'Room', 20, _app=u'hlhomestay') == datastore_types.Key.from_path(u'Room', 22, _app=u'hlhomestay')"
root: Level 9: Evaling filter expression "datastore_types.Key.from_path(u'Homestay', 15, _app=u'hlhomestay') == datastore_types.Key.from_path(u'Homestay', 15, _app=u'hlhomestay')"
root: Level 9: Evaling filter expression "datastore_types.Key.from_path(u'Homestay', 15, _app=u'hlhomestay') == datastore_types.Key.from_path(u'Homestay', 15, _app=u'hlhomestay')"
root: Level 9: Evaling filter expression "datastore_types.Key.from_path(u'Homestay', 15, _app=u'hlhomestay') == datastore_types.Key.from_path(u'Homestay', 15, _app=u'hlhomestay')"
root: Level 9: Evaling filter expression "datetime.datetime(2010, 8, 4, 0, 0) > datetime.datetime(2010, 9, 19, 0, 0)"
root: Level 9: Evaling filter expression "datetime.datetime(2010, 9, 20, 0, 0) > datetime.datetime(2010, 9, 19, 0, 0)"
root: Level 9: Evaling filter expression "datetime.datetime(2010, 9, 18, 0, 0) > datetime.datetime(2010, 9, 19, 0, 0)"
root: Level 9: Evaling filter expression "datetime.datetime(2010, 9, 29, 0, 0) > datetime.datetime(2010, 9, 19, 0, 0)"
root: Level 9: Evaling filter expression "datetime.datetime(2010, 9, 21, 0, 0) > datetime.datetime(2010, 9, 19, 0, 0)"
root: Level 9: Evaling filter expression "datastore_types.Key.from_path(u'Room', 16, _app=u'hlhomestay') == datastore_types.Key.from_path(u'Room', 16, _app=u'hlhomestay')"
root: Level 9: Evaling filter expression "datastore_types.Key.from_path(u'Room', 16, _app=u'hlhomestay') == datastore_types.Key.from_path(u'Room', 16, _app=u'hlhomestay')"
root: Level 9: Evaling filter expression "datastore_types.Key.from_path(u'Room', 20, _app=u'hlhomestay') == datastore_types.Key.from_path(u'Room', 16, _app=u'hlhomestay')"
root: Level 9: Evaling filter expression "datetime.datetime(2010, 8, 4, 0, 0) > datetime.datetime(2010, 9, 19, 0, 0)"
root: Level 9: Evaling filter expression "datetime.datetime(2010, 9, 20, 0, 0) > datetime.datetime(2010, 9, 19, 0, 0)"
root: Level 9: Evaling filter expression "datetime.datetime(2010, 9, 18, 0, 0) > datetime.datetime(2010, 9, 19, 0, 0)"
root: Level 9: Evaling filter expression "datetime.datetime(2010, 9, 29, 0, 0) > datetime.datetime(2010, 9, 19, 0, 0)"
root: Level 9: Evaling filter expression "datetime.datetime(2010, 9, 21, 0, 0) > datetime.datetime(2010, 9, 19, 0, 0)"
root: Level 9: Evaling filter expression "datastore_types.Key.from_path(u'Room', 16, _app=u'hlhomestay') == datastore_types.Key.from_path(u'Room', 20, _app=u'hlhomestay')"
root: Level 9: Evaling filter expression "datastore_types.Key.from_path(u'Room', 16, _app=u'hlhomestay') == datastore_types.Key.from_path(u'Room', 20, _app=u'hlhomestay')"
root: Level 9: Evaling filter expression "datastore_types.Key.from_path(u'Room', 20, _app=u'hlhomestay') == datastore_types.Key.from_path(u'Room', 20, _app=u'hlhomestay')"
root: Level 9: Evaling filter expression "datetime.datetime(2010, 8, 4, 0, 0) > datetime.datetime(2010, 9, 19, 0, 0)"
root: Level 9: Evaling filter expression "datetime.datetime(2010, 9, 20, 0, 0) > datetime.datetime(2010, 9, 19, 0, 0)"
root: Level 9: Evaling filter expression "datetime.datetime(2010, 9, 18, 0, 0) > datetime.datetime(2010, 9, 19, 0, 0)"
root: Level 9: Evaling filter expression "datetime.datetime(2010, 9, 29, 0, 0) > datetime.datetime(2010, 9, 19, 0, 0)"
root: Level 9: Evaling filter expression "datetime.datetime(2010, 9, 21, 0, 0) > datetime.datetime(2010, 9, 19, 0, 0)"
root: Level 9: Evaling filter expression "datastore_types.Key.from_path(u'Room', 16, _app=u'hlhomestay') == datastore_types.Key.from_path(u'Room', 22, _app=u'hlhomestay')"
root: Level 9: Evaling filter expression "datastore_types.Key.from_path(u'Room', 16, _app=u'hlhomestay') == datastore_types.Key.from_path(u'Room', 22, _app=u'hlhomestay')"
root: Level 9: Evaling filter expression "datastore_types.Key.from_path(u'Room', 20, _app=u'hlhomestay') == datastore_types.Key.from_path(u'Room', 22, _app=u'hlhomestay')"
--------------------- >> end captured logging << ---------------------

======================================================================
FAIL: testSpecial (test_model.UnitTest)
----------------------------------------------------------------------
Traceback (most recent call last):
  File "D:\stxt\hlhomestay\test\test_model.py", line 297, in testSpecial
    self.assertEqual(2, sum(1 for s in specials))
AssertionError: 2 != 3
-------------------- >> begin captured logging << --------------------
root: Level 9: Evaling filter expression "datetime.datetime(2010, 9, 27, 0, 0) == datetime.datetime(2010, 9, 27, 0, 0)"
root: Level 9: Evaling filter expression "datetime.datetime(2010, 9, 27, 0, 0) == datetime.datetime(2010, 9, 27, 0, 0)"
root: Level 9: Evaling filter expression "datetime.datetime(2010, 9, 27, 0, 0) == datetime.datetime(2010, 9, 27, 0, 0)"
root: Level 9: Evaling filter expression "datetime.datetime(2010, 9, 27, 0, 0) == datetime.datetime(2010, 9, 27, 0, 0)"
root: Level 9: Evaling filter expression "datetime.datetime(2010, 9, 27, 0, 0) == datetime.datetime(2010, 9, 27, 0, 0)"
root: Level 9: Evaling filter expression "datetime.datetime(2010, 9, 27, 0, 0) == datetime.datetime(2010, 9, 27, 0, 0)"
root: Level 9: Evaling filter expression "datetime.datetime(2010, 9, 27, 0, 0) == datetime.datetime(2010, 9, 27, 0, 0)"
root: Level 9: Evaling filter expression "datetime.datetime(2010, 9, 27, 0, 0) == datetime.datetime(2010, 9, 27, 0, 0)"
root: Level 9: Evaling filter expression "datetime.datetime(2010, 9, 27, 0, 0) == datetime.datetime(2010, 9, 27, 0, 0)"
root: Level 9: Evaling filter expression "datastore_types.Key.from_path(u'Room', 86, _app=u'hlhomestay') == datastore_types.Key.from_path(u'Room', 114, _app=u'hlhomestay')"
root: Level 9: Evaling filter expression "datastore_types.Key.from_path(u'Room', 44, _app=u'hlhomestay') == datastore_types.Key.from_path(u'Room', 114, _app=u'hlhomestay')"
root: Level 9: Evaling filter expression "datastore_types.Key.from_path(u'Room', 2, _app=u'hlhomestay') == datastore_types.Key.from_path(u'Room', 114, _app=u'hlhomestay')"
root: Level 9: Evaling filter expression "datastore_types.Key.from_path(u'Room', 72, _app=u'hlhomestay') == datastore_types.Key.from_path(u'Room', 114, _app=u'hlhomestay')"
root: Level 9: Evaling filter expression "datastore_types.Key.from_path(u'Room', 30, _app=u'hlhomestay') == datastore_types.Key.from_path(u'Room', 114, _app=u'hlhomestay')"
root: Level 9: Evaling filter expression "datastore_types.Key.from_path(u'Room', 16, _app=u'hlhomestay') == datastore_types.Key.from_path(u'Room', 114, _app=u'hlhomestay')"
root: Level 9: Evaling filter expression "datastore_types.Key.from_path(u'Room', 114, _app=u'hlhomestay') == datastore_types.Key.from_path(u'Room', 114, _app=u'hlhomestay')"
root: Level 9: Evaling filter expression "datastore_types.Key.from_path(u'Room', 100, _app=u'hlhomestay') == datastore_types.Key.from_path(u'Room', 114, _app=u'hlhomestay')"
root: Level 9: Evaling filter expression "datastore_types.Key.from_path(u'Room', 58, _app=u'hlhomestay') == datastore_types.Key.from_path(u'Room', 114, _app=u'hlhomestay')"
root: Level 9: Evaling filter expression "datetime.datetime(2010, 9, 27, 0, 0) == datetime.datetime(2010, 9, 28, 0, 0)"
root: Level 9: Evaling filter expression "datetime.datetime(2010, 9, 27, 0, 0) == datetime.datetime(2010, 9, 28, 0, 0)"
root: Level 9: Evaling filter expression "datetime.datetime(2010, 9, 27, 0, 0) == datetime.datetime(2010, 9, 28, 0, 0)"
root: Level 9: Evaling filter expression "datetime.datetime(2010, 9, 27, 0, 0) == datetime.datetime(2010, 9, 28, 0, 0)"
root: Level 9: Evaling filter expression "datetime.datetime(2010, 9, 27, 0, 0) == datetime.datetime(2010, 9, 28, 0, 0)"
root: Level 9: Evaling filter expression "datetime.datetime(2010, 9, 27, 0, 0) == datetime.datetime(2010, 9, 28, 0, 0)"
root: Level 9: Evaling filter expression "datetime.datetime(2010, 9, 27, 0, 0) == datetime.datetime(2010, 9, 28, 0, 0)"
root: Level 9: Evaling filter expression "datetime.datetime(2010, 9, 27, 0, 0) == datetime.datetime(2010, 9, 28, 0, 0)"
root: Level 9: Evaling filter expression "datetime.datetime(2010, 9, 27, 0, 0) == datetime.datetime(2010, 9, 28, 0, 0)"
root: Level 9: Evaling filter expression "datetime.datetime(2010, 9, 27, 0, 0) == datetime.datetime(2010, 9, 27, 0, 0)"
root: Level 9: Evaling filter expression "datetime.datetime(2010, 9, 27, 0, 0) == datetime.datetime(2010, 9, 27, 0, 0)"
root: Level 9: Evaling filter expression "datetime.datetime(2010, 9, 27, 0, 0) == datetime.datetime(2010, 9, 27, 0, 0)"
root: Level 9: Evaling filter expression "datetime.datetime(2010, 9, 27, 0, 0) == datetime.datetime(2010, 9, 27, 0, 0)"
root: Level 9: Evaling filter expression "datetime.datetime(2010, 9, 27, 0, 0) == datetime.datetime(2010, 9, 27, 0, 0)"
root: Level 9: Evaling filter expression "datetime.datetime(2010, 9, 27, 0, 0) == datetime.datetime(2010, 9, 27, 0, 0)"
root: Level 9: Evaling filter expression "datetime.datetime(2010, 9, 27, 0, 0) == datetime.datetime(2010, 9, 27, 0, 0)"
root: Level 9: Evaling filter expression "datetime.datetime(2010, 9, 27, 0, 0) == datetime.datetime(2010, 9, 27, 0, 0)"
root: Level 9: Evaling filter expression "datetime.datetime(2010, 9, 27, 0, 0) == datetime.datetime(2010, 9, 27, 0, 0)"
root: Level 9: Evaling filter expression "datastore_types.Key.from_path(u'Room', 86, _app=u'hlhomestay') == datastore_types.Key.from_path(u'Room', 114, _app=u'hlhomestay')"
root: Level 9: Evaling filter expression "datastore_types.Key.from_path(u'Room', 44, _app=u'hlhomestay') == datastore_types.Key.from_path(u'Room', 114, _app=u'hlhomestay')"
root: Level 9: Evaling filter expression "datastore_types.Key.from_path(u'Room', 2, _app=u'hlhomestay') == datastore_types.Key.from_path(u'Room', 114, _app=u'hlhomestay')"
root: Level 9: Evaling filter expression "datastore_types.Key.from_path(u'Room', 72, _app=u'hlhomestay') == datastore_types.Key.from_path(u'Room', 114, _app=u'hlhomestay')"
root: Level 9: Evaling filter expression "datastore_types.Key.from_path(u'Room', 30, _app=u'hlhomestay') == datastore_types.Key.from_path(u'Room', 114, _app=u'hlhomestay')"
root: Level 9: Evaling filter expression "datastore_types.Key.from_path(u'Room', 16, _app=u'hlhomestay') == datastore_types.Key.from_path(u'Room', 114, _app=u'hlhomestay')"
root: Level 9: Evaling filter expression "datastore_types.Key.from_path(u'Room', 114, _app=u'hlhomestay') == datastore_types.Key.from_path(u'Room', 114, _app=u'hlhomestay')"
root: Level 9: Evaling filter expression "datastore_types.Key.from_path(u'Room', 100, _app=u'hlhomestay') == datastore_types.Key.from_path(u'Room', 114, _app=u'hlhomestay')"
root: Level 9: Evaling filter expression "datastore_types.Key.from_path(u'Room', 58, _app=u'hlhomestay') == datastore_types.Key.from_path(u'Room', 114, _app=u'hlhomestay')"
root: Level 9: Evaling filter expression "datetime.datetime(2010, 9, 27, 0, 0) == datetime.datetime(2010, 9, 27, 0, 0)"
root: Level 9: Evaling filter expression "datetime.datetime(2010, 9, 27, 0, 0) == datetime.datetime(2010, 9, 27, 0, 0)"
root: Level 9: Evaling filter expression "datetime.datetime(2010, 9, 27, 0, 0) == datetime.datetime(2010, 9, 27, 0, 0)"
root: Level 9: Evaling filter expression "datetime.datetime(2010, 9, 27, 0, 0) == datetime.datetime(2010, 9, 27, 0, 0)"
root: Level 9: Evaling filter expression "datetime.datetime(2010, 9, 27, 0, 0) == datetime.datetime(2010, 9, 27, 0, 0)"
root: Level 9: Evaling filter expression "datetime.datetime(2010, 9, 27, 0, 0) == datetime.datetime(2010, 9, 27, 0, 0)"
root: Level 9: Evaling filter expression "datetime.datetime(2010, 9, 27, 0, 0) == datetime.datetime(2010, 9, 27, 0, 0)"
root: Level 9: Evaling filter expression "datetime.datetime(2010, 9, 27, 0, 0) == datetime.datetime(2010, 9, 27, 0, 0)"
root: Level 9: Evaling filter expression "datetime.datetime(2010, 9, 27, 0, 0) == datetime.datetime(2010, 9, 27, 0, 0)"
root: Level 9: Evaling filter expression "datastore_types.Key.from_path(u'Room', 86, _app=u'hlhomestay') == datastore_types.Key.from_path(u'Room', 114, _app=u'hlhomestay')"
root: Level 9: Evaling filter expression "datastore_types.Key.from_path(u'Room', 44, _app=u'hlhomestay') == datastore_types.Key.from_path(u'Room', 114, _app=u'hlhomestay')"
root: Level 9: Evaling filter expression "datastore_types.Key.from_path(u'Room', 2, _app=u'hlhomestay') == datastore_types.Key.from_path(u'Room', 114, _app=u'hlhomestay')"
root: Level 9: Evaling filter expression "datastore_types.Key.from_path(u'Room', 72, _app=u'hlhomestay') == datastore_types.Key.from_path(u'Room', 114, _app=u'hlhomestay')"
root: Level 9: Evaling filter expression "datastore_types.Key.from_path(u'Room', 30, _app=u'hlhomestay') == datastore_types.Key.from_path(u'Room', 114, _app=u'hlhomestay')"
root: Level 9: Evaling filter expression "datastore_types.Key.from_path(u'Room', 16, _app=u'hlhomestay') == datastore_types.Key.from_path(u'Room', 114, _app=u'hlhomestay')"
root: Level 9: Evaling filter expression "datastore_types.Key.from_path(u'Room', 114, _app=u'hlhomestay') == datastore_types.Key.from_path(u'Room', 114, _app=u'hlhomestay')"
root: Level 9: Evaling filter expression "datastore_types.Key.from_path(u'Room', 100, _app=u'hlhomestay') == datastore_types.Key.from_path(u'Room', 114, _app=u'hlhomestay')"
root: Level 9: Evaling filter expression "datastore_types.Key.from_path(u'Room', 58, _app=u'hlhomestay') == datastore_types.Key.from_path(u'Room', 114, _app=u'hlhomestay')"
root: Level 9: Evaling filter expression "datetime.datetime(2010, 9, 27, 0, 0) == datetime.datetime(2010, 9, 28, 0, 0)"
root: Level 9: Evaling filter expression "datetime.datetime(2010, 9, 27, 0, 0) == datetime.datetime(2010, 9, 28, 0, 0)"
root: Level 9: Evaling filter expression "datetime.datetime(2010, 9, 27, 0, 0) == datetime.datetime(2010, 9, 28, 0, 0)"
root: Level 9: Evaling filter expression "datetime.datetime(2010, 9, 27, 0, 0) == datetime.datetime(2010, 9, 28, 0, 0)"
root: Level 9: Evaling filter expression "datetime.datetime(2010, 9, 27, 0, 0) == datetime.datetime(2010, 9, 28, 0, 0)"
root: Level 9: Evaling filter expression "datetime.datetime(2010, 9, 27, 0, 0) == datetime.datetime(2010, 9, 28, 0, 0)"
root: Level 9: Evaling filter expression "datetime.datetime(2010, 9, 27, 0, 0) == datetime.datetime(2010, 9, 28, 0, 0)"
root: Level 9: Evaling filter expression "datetime.datetime(2010, 9, 27, 0, 0) == datetime.datetime(2010, 9, 28, 0, 0)"
root: Level 9: Evaling filter expression "datetime.datetime(2010, 9, 27, 0, 0) == datetime.datetime(2010, 9, 28, 0, 0)"
root: Level 9: Evaling filter expression "datetime.datetime(2010, 7, 23, 0, 0) == datetime.datetime(2010, 9, 28, 0, 0)"
root: Level 9: Evaling filter expression "datetime.datetime(2010, 12, 25, 0, 0) == datetime.datetime(2010, 9, 28, 0, 0)"
root: Level 9: Evaling filter expression "datetime.datetime(2010, 7, 23, 0, 0) == datetime.datetime(2010, 9, 28, 0, 0)"
root: Level 9: Evaling filter expression "datetime.datetime(2010, 12, 25, 0, 0) == datetime.datetime(2010, 9, 28, 0, 0)"
root: Level 9: Evaling filter expression "datetime.datetime(2010, 12, 25, 0, 0) == datetime.datetime(2010, 9, 28, 0, 0)"
root: Level 9: Evaling filter expression "datetime.datetime(2010, 12, 25, 0, 0) == datetime.datetime(2010, 9, 28, 0, 0)"
root: Level 9: Evaling filter expression "datetime.datetime(2010, 7, 23, 0, 0) == datetime.datetime(2010, 9, 28, 0, 0)"
root: Level 9: Evaling filter expression "datetime.datetime(2010, 12, 25, 0, 0) == datetime.datetime(2010, 9, 28, 0, 0)"
root: Level 9: Evaling filter expression "datetime.datetime(2010, 7, 23, 0, 0) == datetime.datetime(2010, 9, 28, 0, 0)"
root: Level 9: Evaling filter expression "datetime.datetime(2010, 12, 25, 0, 0) == datetime.datetime(2010, 9, 28, 0, 0)"
root: Level 9: Evaling filter expression "datetime.datetime(2010, 7, 23, 0, 0) == datetime.datetime(2010, 9, 28, 0, 0)"
root: Level 9: Evaling filter expression "datetime.datetime(2010, 12, 25, 0, 0) == datetime.datetime(2010, 9, 28, 0, 0)"
root: Level 9: Evaling filter expression "datetime.datetime(2010, 12, 25, 0, 0) == datetime.datetime(2010, 9, 28, 0, 0)"
root: Level 9: Evaling filter expression "datetime.datetime(2010, 7, 23, 0, 0) == datetime.datetime(2010, 9, 28, 0, 0)"
root: Level 9: Evaling filter expression "datetime.datetime(2010, 12, 25, 0, 0) == datetime.datetime(2010, 9, 28, 0, 0)"
root: Level 9: Evaling filter expression "datetime.datetime(2010, 7, 23, 0, 0) == datetime.datetime(2010, 9, 28, 0, 0)"
root: Level 9: Evaling filter expression "datetime.datetime(2010, 7, 23, 0, 0) == datetime.datetime(2010, 9, 28, 0, 0)"
root: Level 9: Evaling filter expression "datetime.datetime(2010, 7, 23, 0, 0) == datetime.datetime(2010, 9, 28, 0, 0)"
root: Level 9: Evaling filter expression "datetime.datetime(2010, 7, 29, 0, 0) == datetime.datetime(2010, 9, 28, 0, 0)"
root: Level 9: Evaling filter expression "datetime.datetime(2010, 12, 25, 0, 0) == datetime.datetime(2010, 9, 28, 0, 0)"
root: Level 9: Evaling filter expression "datetime.datetime(2010, 7, 29, 0, 0) == datetime.datetime(2010, 9, 28, 0, 0)"
root: Level 9: Evaling filter expression "datetime.datetime(2010, 12, 25, 0, 0) == datetime.datetime(2010, 9, 28, 0, 0)"
root: Level 9: Evaling filter expression "datetime.datetime(2010, 12, 25, 0, 0) == datetime.datetime(2010, 9, 28, 0, 0)"
root: Level 9: Evaling filter expression "datetime.datetime(2010, 7, 29, 0, 0) == datetime.datetime(2010, 9, 28, 0, 0)"
root: Level 9: Evaling filter expression "datetime.datetime(2010, 12, 25, 0, 0) == datetime.datetime(2010, 9, 28, 0, 0)"
root: Level 9: Evaling filter expression "datetime.datetime(2010, 12, 25, 0, 0) == datetime.datetime(2010, 9, 28, 0, 0)"
root: Level 9: Evaling filter expression "datetime.datetime(2010, 7, 29, 0, 0) == datetime.datetime(2010, 9, 28, 0, 0)"
root: Level 9: Evaling filter expression "datetime.datetime(2010, 12, 25, 0, 0) == datetime.datetime(2010, 9, 28, 0, 0)"
root: Level 9: Evaling filter expression "datetime.datetime(2010, 7, 29, 0, 0) == datetime.datetime(2010, 9, 28, 0, 0)"
root: Level 9: Evaling filter expression "datetime.datetime(2010, 7, 29, 0, 0) == datetime.datetime(2010, 9, 28, 0, 0)"
root: Level 9: Evaling filter expression "datetime.datetime(2010, 12, 25, 0, 0) == datetime.datetime(2010, 9, 28, 0, 0)"
root: Level 9: Evaling filter expression "datetime.datetime(2010, 7, 29, 0, 0) == datetime.datetime(2010, 9, 28, 0, 0)"
root: Level 9: Evaling filter expression "datetime.datetime(2010, 7, 29, 0, 0) == datetime.datetime(2010, 9, 28, 0, 0)"
root: Level 9: Evaling filter expression "datetime.datetime(2010, 12, 25, 0, 0) == datetime.datetime(2010, 9, 28, 0, 0)"
root: Level 9: Evaling filter expression "datetime.datetime(2010, 7, 29, 0, 0) == datetime.datetime(2010, 9, 28, 0, 0)"
root: Level 9: Evaling filter expression "datetime.datetime(2010, 12, 25, 0, 0) == datetime.datetime(2010, 9, 28, 0, 0)"
root: Level 9: Evaling filter expression "datetime.datetime(2010, 7, 23, 0, 0) == datetime.datetime(2010, 9, 28, 0, 0)"
root: Level 9: Evaling filter expression "datetime.datetime(2010, 12, 25, 0, 0) == datetime.datetime(2010, 9, 28, 0, 0)"
root: Level 9: Evaling filter expression "datetime.datetime(2010, 7, 23, 0, 0) == datetime.datetime(2010, 9, 28, 0, 0)"
root: Level 9: Evaling filter expression "datetime.datetime(2010, 12, 25, 0, 0) == datetime.datetime(2010, 9, 28, 0, 0)"
root: Level 9: Evaling filter expression "datetime.datetime(2010, 12, 25, 0, 0) == datetime.datetime(2010, 9, 28, 0, 0)"
root: Level 9: Evaling filter expression "datetime.datetime(2010, 12, 25, 0, 0) == datetime.datetime(2010, 9, 28, 0, 0)"
root: Level 9: Evaling filter expression "datetime.datetime(2010, 7, 23, 0, 0) == datetime.datetime(2010, 9, 28, 0, 0)"
root: Level 9: Evaling filter expression "datetime.datetime(2010, 12, 25, 0, 0) == datetime.datetime(2010, 9, 28, 0, 0)"
root: Level 9: Evaling filter expression "datetime.datetime(2010, 7, 23, 0, 0) == datetime.datetime(2010, 9, 28, 0, 0)"
root: Level 9: Evaling filter expression "datetime.datetime(2010, 12, 25, 0, 0) == datetime.datetime(2010, 9, 28, 0, 0)"
root: Level 9: Evaling filter expression "datetime.datetime(2010, 7, 23, 0, 0) == datetime.datetime(2010, 9, 28, 0, 0)"
root: Level 9: Evaling filter expression "datetime.datetime(2010, 12, 25, 0, 0) == datetime.datetime(2010, 9, 28, 0, 0)"
root: Level 9: Evaling filter expression "datetime.datetime(2010, 12, 25, 0, 0) == datetime.datetime(2010, 9, 28, 0, 0)"
root: Level 9: Evaling filter expression "datetime.datetime(2010, 7, 23, 0, 0) == datetime.datetime(2010, 9, 28, 0, 0)"
root: Level 9: Evaling filter expression "datetime.datetime(2010, 12, 25, 0, 0) == datetime.datetime(2010, 9, 28, 0, 0)"
root: Level 9: Evaling filter expression "datetime.datetime(2010, 7, 23, 0, 0) == datetime.datetime(2010, 9, 28, 0, 0)"
root: Level 9: Evaling filter expression "datetime.datetime(2010, 7, 23, 0, 0) == datetime.datetime(2010, 9, 28, 0, 0)"
root: Level 9: Evaling filter expression "datetime.datetime(2010, 7, 23, 0, 0) == datetime.datetime(2010, 9, 28, 0, 0)"
root: Level 9: Evaling filter expression "datetime.datetime(2010, 9, 27, 0, 0) == datetime.datetime(2010, 9, 29, 0, 0)"
root: Level 9: Evaling filter expression "datetime.datetime(2010, 9, 27, 0, 0) == datetime.datetime(2010, 9, 29, 0, 0)"
root: Level 9: Evaling filter expression "datetime.datetime(2010, 9, 27, 0, 0) == datetime.datetime(2010, 9, 29, 0, 0)"
root: Level 9: Evaling filter expression "datetime.datetime(2010, 9, 27, 0, 0) == datetime.datetime(2010, 9, 29, 0, 0)"
root: Level 9: Evaling filter expression "datetime.datetime(2010, 9, 27, 0, 0) == datetime.datetime(2010, 9, 29, 0, 0)"
root: Level 9: Evaling filter expression "datetime.datetime(2010, 9, 27, 0, 0) == datetime.datetime(2010, 9, 29, 0, 0)"
root: Level 9: Evaling filter expression "datetime.datetime(2010, 9, 27, 0, 0) == datetime.datetime(2010, 9, 29, 0, 0)"
root: Level 9: Evaling filter expression "datetime.datetime(2010, 9, 27, 0, 0) == datetime.datetime(2010, 9, 29, 0, 0)"
root: Level 9: Evaling filter expression "datetime.datetime(2010, 9, 27, 0, 0) == datetime.datetime(2010, 9, 29, 0, 0)"
root: Level 9: Evaling filter expression "datetime.datetime(2010, 7, 23, 0, 0) == datetime.datetime(2010, 9, 29, 0, 0)"
root: Level 9: Evaling filter expression "datetime.datetime(2010, 12, 25, 0, 0) == datetime.datetime(2010, 9, 29, 0, 0)"
root: Level 9: Evaling filter expression "datetime.datetime(2010, 7, 23, 0, 0) == datetime.datetime(2010, 9, 29, 0, 0)"
root: Level 9: Evaling filter expression "datetime.datetime(2010, 12, 25, 0, 0) == datetime.datetime(2010, 9, 29, 0, 0)"
root: Level 9: Evaling filter expression "datetime.datetime(2010, 12, 25, 0, 0) == datetime.datetime(2010, 9, 29, 0, 0)"
root: Level 9: Evaling filter expression "datetime.datetime(2010, 12, 25, 0, 0) == datetime.datetime(2010, 9, 29, 0, 0)"
root: Level 9: Evaling filter expression "datetime.datetime(2010, 7, 23, 0, 0) == datetime.datetime(2010, 9, 29, 0, 0)"
root: Level 9: Evaling filter expression "datetime.datetime(2010, 12, 25, 0, 0) == datetime.datetime(2010, 9, 29, 0, 0)"
root: Level 9: Evaling filter expression "datetime.datetime(2010, 7, 23, 0, 0) == datetime.datetime(2010, 9, 29, 0, 0)"
root: Level 9: Evaling filter expression "datetime.datetime(2010, 12, 25, 0, 0) == datetime.datetime(2010, 9, 29, 0, 0)"
root: Level 9: Evaling filter expression "datetime.datetime(2010, 7, 23, 0, 0) == datetime.datetime(2010, 9, 29, 0, 0)"
root: Level 9: Evaling filter expression "datetime.datetime(2010, 12, 25, 0, 0) == datetime.datetime(2010, 9, 29, 0, 0)"
root: Level 9: Evaling filter expression "datetime.datetime(2010, 12, 25, 0, 0) == datetime.datetime(2010, 9, 29, 0, 0)"
root: Level 9: Evaling filter expression "datetime.datetime(2010, 7, 23, 0, 0) == datetime.datetime(2010, 9, 29, 0, 0)"
root: Level 9: Evaling filter expression "datetime.datetime(2010, 12, 25, 0, 0) == datetime.datetime(2010, 9, 29, 0, 0)"
root: Level 9: Evaling filter expression "datetime.datetime(2010, 7, 23, 0, 0) == datetime.datetime(2010, 9, 29, 0, 0)"
root: Level 9: Evaling filter expression "datetime.datetime(2010, 7, 23, 0, 0) == datetime.datetime(2010, 9, 29, 0, 0)"
root: Level 9: Evaling filter expression "datetime.datetime(2010, 7, 23, 0, 0) == datetime.datetime(2010, 9, 29, 0, 0)"
root: Level 9: Evaling filter expression "datetime.datetime(2010, 7, 29, 0, 0) == datetime.datetime(2010, 9, 29, 0, 0)"
root: Level 9: Evaling filter expression "datetime.datetime(2010, 12, 25, 0, 0) == datetime.datetime(2010, 9, 29, 0, 0)"
root: Level 9: Evaling filter expression "datetime.datetime(2010, 7, 29, 0, 0) == datetime.datetime(2010, 9, 29, 0, 0)"
root: Level 9: Evaling filter expression "datetime.datetime(2010, 12, 25, 0, 0) == datetime.datetime(2010, 9, 29, 0, 0)"
root: Level 9: Evaling filter expression "datetime.datetime(2010, 12, 25, 0, 0) == datetime.datetime(2010, 9, 29, 0, 0)"
root: Level 9: Evaling filter expression "datetime.datetime(2010, 7, 29, 0, 0) == datetime.datetime(2010, 9, 29, 0, 0)"
root: Level 9: Evaling filter expression "datetime.datetime(2010, 12, 25, 0, 0) == datetime.datetime(2010, 9, 29, 0, 0)"
root: Level 9: Evaling filter expression "datetime.datetime(2010, 12, 25, 0, 0) == datetime.datetime(2010, 9, 29, 0, 0)"
root: Level 9: Evaling filter expression "datetime.datetime(2010, 7, 29, 0, 0) == datetime.datetime(2010, 9, 29, 0, 0)"
root: Level 9: Evaling filter expression "datetime.datetime(2010, 12, 25, 0, 0) == datetime.datetime(2010, 9, 29, 0, 0)"
root: Level 9: Evaling filter expression "datetime.datetime(2010, 7, 29, 0, 0) == datetime.datetime(2010, 9, 29, 0, 0)"
root: Level 9: Evaling filter expression "datetime.datetime(2010, 7, 29, 0, 0) == datetime.datetime(2010, 9, 29, 0, 0)"
root: Level 9: Evaling filter expression "datetime.datetime(2010, 12, 25, 0, 0) == datetime.datetime(2010, 9, 29, 0, 0)"
root: Level 9: Evaling filter expression "datetime.datetime(2010, 7, 29, 0, 0) == datetime.datetime(2010, 9, 29, 0, 0)"
root: Level 9: Evaling filter expression "datetime.datetime(2010, 7, 29, 0, 0) == datetime.datetime(2010, 9, 29, 0, 0)"
root: Level 9: Evaling filter expression "datetime.datetime(2010, 12, 25, 0, 0) == datetime.datetime(2010, 9, 29, 0, 0)"
root: Level 9: Evaling filter expression "datetime.datetime(2010, 7, 29, 0, 0) == datetime.datetime(2010, 9, 29, 0, 0)"
root: Level 9: Evaling filter expression "datetime.datetime(2010, 12, 25, 0, 0) == datetime.datetime(2010, 9, 29, 0, 0)"
root: Level 9: Evaling filter expression "datetime.datetime(2010, 7, 23, 0, 0) == datetime.datetime(2010, 9, 29, 0, 0)"
root: Level 9: Evaling filter expression "datetime.datetime(2010, 12, 25, 0, 0) == datetime.datetime(2010, 9, 29, 0, 0)"
root: Level 9: Evaling filter expression "datetime.datetime(2010, 7, 23, 0, 0) == datetime.datetime(2010, 9, 29, 0, 0)"
root: Level 9: Evaling filter expression "datetime.datetime(2010, 12, 25, 0, 0) == datetime.datetime(2010, 9, 29, 0, 0)"
root: Level 9: Evaling filter expression "datetime.datetime(2010, 12, 25, 0, 0) == datetime.datetime(2010, 9, 29, 0, 0)"
root: Level 9: Evaling filter expression "datetime.datetime(2010, 12, 25, 0, 0) == datetime.datetime(2010, 9, 29, 0, 0)"
root: Level 9: Evaling filter expression "datetime.datetime(2010, 7, 23, 0, 0) == datetime.datetime(2010, 9, 29, 0, 0)"
root: Level 9: Evaling filter expression "datetime.datetime(2010, 12, 25, 0, 0) == datetime.datetime(2010, 9, 29, 0, 0)"
root: Level 9: Evaling filter expression "datetime.datetime(2010, 7, 23, 0, 0) == datetime.datetime(2010, 9, 29, 0, 0)"
root: Level 9: Evaling filter expression "datetime.datetime(2010, 12, 25, 0, 0) == datetime.datetime(2010, 9, 29, 0, 0)"
root: Level 9: Evaling filter expression "datetime.datetime(2010, 7, 23, 0, 0) == datetime.datetime(2010, 9, 29, 0, 0)"
root: Level 9: Evaling filter expression "datetime.datetime(2010, 12, 25, 0, 0) == datetime.datetime(2010, 9, 29, 0, 0)"
root: Level 9: Evaling filter expression "datetime.datetime(2010, 12, 25, 0, 0) == datetime.datetime(2010, 9, 29, 0, 0)"
root: Level 9: Evaling filter expression "datetime.datetime(2010, 7, 23, 0, 0) == datetime.datetime(2010, 9, 29, 0, 0)"
root: Level 9: Evaling filter expression "datetime.datetime(2010, 12, 25, 0, 0) == datetime.datetime(2010, 9, 29, 0, 0)"
root: Level 9: Evaling filter expression "datetime.datetime(2010, 7, 23, 0, 0) == datetime.datetime(2010, 9, 29, 0, 0)"
root: Level 9: Evaling filter expression "datetime.datetime(2010, 7, 23, 0, 0) == datetime.datetime(2010, 9, 29, 0, 0)"
root: Level 9: Evaling filter expression "datetime.datetime(2010, 7, 23, 0, 0) == datetime.datetime(2010, 9, 29, 0, 0)"
root: Level 9: Evaling filter expression "datastore_types.Key.from_path(u'Homestay', 113, _app=u'hlhomestay') == datastore_types.Key.from_path(u'Homestay', 113, _app=u'hlhomestay')"
root: Level 9: Evaling filter expression "datastore_types.Key.from_path(u'Homestay', 113, _app=u'hlhomestay') == datastore_types.Key.from_path(u'Homestay', 113, _app=u'hlhomestay')"
root: Level 9: Evaling filter expression "datastore_types.Key.from_path(u'Homestay', 113, _app=u'hlhomestay') == datastore_types.Key.from_path(u'Homestay', 113, _app=u'hlhomestay')"
root: Level 9: Evaling filter expression "datetime.datetime(2010, 9, 27, 0, 0) == datetime.datetime(2010, 9, 27, 0, 0)"
root: Level 9: Evaling filter expression "datetime.datetime(2010, 9, 27, 0, 0) == datetime.datetime(2010, 9, 27, 0, 0)"
root: Level 9: Evaling filter expression "datetime.datetime(2010, 9, 27, 0, 0) == datetime.datetime(2010, 9, 27, 0, 0)"
root: Level 9: Evaling filter expression "datetime.datetime(2010, 9, 27, 0, 0) == datetime.datetime(2010, 9, 27, 0, 0)"
root: Level 9: Evaling filter expression "datetime.datetime(2010, 9, 27, 0, 0) == datetime.datetime(2010, 9, 27, 0, 0)"
root: Level 9: Evaling filter expression "datetime.datetime(2010, 9, 27, 0, 0) == datetime.datetime(2010, 9, 27, 0, 0)"
root: Level 9: Evaling filter expression "datetime.datetime(2010, 9, 27, 0, 0) == datetime.datetime(2010, 9, 27, 0, 0)"
root: Level 9: Evaling filter expression "datetime.datetime(2010, 9, 27, 0, 0) == datetime.datetime(2010, 9, 27, 0, 0)"
root: Level 9: Evaling filter expression "datetime.datetime(2010, 9, 27, 0, 0) == datetime.datetime(2010, 9, 27, 0, 0)"
root: Level 9: Evaling filter expression "datastore_types.Key.from_path(u'Room', 86, _app=u'hlhomestay') == datastore_types.Key.from_path(u'Room', 114, _app=u'hlhomestay')"
root: Level 9: Evaling filter expression "datastore_types.Key.from_path(u'Room', 44, _app=u'hlhomestay') == datastore_types.Key.from_path(u'Room', 114, _app=u'hlhomestay')"
root: Level 9: Evaling filter expression "datastore_types.Key.from_path(u'Room', 2, _app=u'hlhomestay') == datastore_types.Key.from_path(u'Room', 114, _app=u'hlhomestay')"
root: Level 9: Evaling filter expression "datastore_types.Key.from_path(u'Room', 72, _app=u'hlhomestay') == datastore_types.Key.from_path(u'Room', 114, _app=u'hlhomestay')"
root: Level 9: Evaling filter expression "datastore_types.Key.from_path(u'Room', 30, _app=u'hlhomestay') == datastore_types.Key.from_path(u'Room', 114, _app=u'hlhomestay')"
root: Level 9: Evaling filter expression "datastore_types.Key.from_path(u'Room', 16, _app=u'hlhomestay') == datastore_types.Key.from_path(u'Room', 114, _app=u'hlhomestay')"
root: Level 9: Evaling filter expression "datastore_types.Key.from_path(u'Room', 114, _app=u'hlhomestay') == datastore_types.Key.from_path(u'Room', 114, _app=u'hlhomestay')"
root: Level 9: Evaling filter expression "datastore_types.Key.from_path(u'Room', 100, _app=u'hlhomestay') == datastore_types.Key.from_path(u'Room', 114, _app=u'hlhomestay')"
root: Level 9: Evaling filter expression "datastore_types.Key.from_path(u'Room', 58, _app=u'hlhomestay') == datastore_types.Key.from_path(u'Room', 114, _app=u'hlhomestay')"
root: Level 9: Evaling filter expression "datetime.datetime(2010, 9, 27, 0, 0) == datetime.datetime(2010, 9, 27, 0, 0)"
root: Level 9: Evaling filter expression "datetime.datetime(2010, 9, 27, 0, 0) == datetime.datetime(2010, 9, 27, 0, 0)"
root: Level 9: Evaling filter expression "datetime.datetime(2010, 9, 27, 0, 0) == datetime.datetime(2010, 9, 27, 0, 0)"
root: Level 9: Evaling filter expression "datetime.datetime(2010, 9, 27, 0, 0) == datetime.datetime(2010, 9, 27, 0, 0)"
root: Level 9: Evaling filter expression "datetime.datetime(2010, 9, 27, 0, 0) == datetime.datetime(2010, 9, 27, 0, 0)"
root: Level 9: Evaling filter expression "datetime.datetime(2010, 9, 27, 0, 0) == datetime.datetime(2010, 9, 27, 0, 0)"
root: Level 9: Evaling filter expression "datetime.datetime(2010, 9, 27, 0, 0) == datetime.datetime(2010, 9, 27, 0, 0)"
root: Level 9: Evaling filter expression "datetime.datetime(2010, 9, 27, 0, 0) == datetime.datetime(2010, 9, 27, 0, 0)"
root: Level 9: Evaling filter expression "datetime.datetime(2010, 9, 27, 0, 0) == datetime.datetime(2010, 9, 27, 0, 0)"
root: Level 9: Evaling filter expression "datastore_types.Key.from_path(u'Room', 86, _app=u'hlhomestay') == datastore_types.Key.from_path(u'Room', 118, _app=u'hlhomestay')"
root: Level 9: Evaling filter expression "datastore_types.Key.from_path(u'Room', 44, _app=u'hlhomestay') == datastore_types.Key.from_path(u'Room', 118, _app=u'hlhomestay')"
root: Level 9: Evaling filter expression "datastore_types.Key.from_path(u'Room', 2, _app=u'hlhomestay') == datastore_types.Key.from_path(u'Room', 118, _app=u'hlhomestay')"
root: Level 9: Evaling filter expression "datastore_types.Key.from_path(u'Room', 72, _app=u'hlhomestay') == datastore_types.Key.from_path(u'Room', 118, _app=u'hlhomestay')"
root: Level 9: Evaling filter expression "datastore_types.Key.from_path(u'Room', 30, _app=u'hlhomestay') == datastore_types.Key.from_path(u'Room', 118, _app=u'hlhomestay')"
root: Level 9: Evaling filter expression "datastore_types.Key.from_path(u'Room', 16, _app=u'hlhomestay') == datastore_types.Key.from_path(u'Room', 118, _app=u'hlhomestay')"
root: Level 9: Evaling filter expression "datastore_types.Key.from_path(u'Room', 114, _app=u'hlhomestay') == datastore_types.Key.from_path(u'Room', 118, _app=u'hlhomestay')"
root: Level 9: Evaling filter expression "datastore_types.Key.from_path(u'Room', 100, _app=u'hlhomestay') == datastore_types.Key.from_path(u'Room', 118, _app=u'hlhomestay')"
root: Level 9: Evaling filter expression "datastore_types.Key.from_path(u'Room', 58, _app=u'hlhomestay') == datastore_types.Key.from_path(u'Room', 118, _app=u'hlhomestay')"
root: Level 9: Evaling filter expression "datetime.datetime(2010, 9, 27, 0, 0) == datetime.datetime(2010, 9, 27, 0, 0)"
root: Level 9: Evaling filter expression "datetime.datetime(2010, 9, 27, 0, 0) == datetime.datetime(2010, 9, 27, 0, 0)"
root: Level 9: Evaling filter expression "datetime.datetime(2010, 9, 27, 0, 0) == datetime.datetime(2010, 9, 27, 0, 0)"
root: Level 9: Evaling filter expression "datetime.datetime(2010, 9, 27, 0, 0) == datetime.datetime(2010, 9, 27, 0, 0)"
root: Level 9: Evaling filter expression "datetime.datetime(2010, 9, 27, 0, 0) == datetime.datetime(2010, 9, 27, 0, 0)"
root: Level 9: Evaling filter expression "datetime.datetime(2010, 9, 27, 0, 0) == datetime.datetime(2010, 9, 27, 0, 0)"
root: Level 9: Evaling filter expression "datetime.datetime(2010, 9, 27, 0, 0) == datetime.datetime(2010, 9, 27, 0, 0)"
root: Level 9: Evaling filter expression "datetime.datetime(2010, 9, 27, 0, 0) == datetime.datetime(2010, 9, 27, 0, 0)"
root: Level 9: Evaling filter expression "datetime.datetime(2010, 9, 27, 0, 0) == datetime.datetime(2010, 9, 27, 0, 0)"
root: Level 9: Evaling filter expression "datastore_types.Key.from_path(u'Room', 86, _app=u'hlhomestay') == datastore_types.Key.from_path(u'Room', 120, _app=u'hlhomestay')"
root: Level 9: Evaling filter expression "datastore_types.Key.from_path(u'Room', 44, _app=u'hlhomestay') == datastore_types.Key.from_path(u'Room', 120, _app=u'hlhomestay')"
root: Level 9: Evaling filter expression "datastore_types.Key.from_path(u'Room', 2, _app=u'hlhomestay') == datastore_types.Key.from_path(u'Room', 120, _app=u'hlhomestay')"
root: Level 9: Evaling filter expression "datastore_types.Key.from_path(u'Room', 72, _app=u'hlhomestay') == datastore_types.Key.from_path(u'Room', 120, _app=u'hlhomestay')"
root: Level 9: Evaling filter expression "datastore_types.Key.from_path(u'Room', 30, _app=u'hlhomestay') == datastore_types.Key.from_path(u'Room', 120, _app=u'hlhomestay')"
root: Level 9: Evaling filter expression "datastore_types.Key.from_path(u'Room', 16, _app=u'hlhomestay') == datastore_types.Key.from_path(u'Room', 120, _app=u'hlhomestay')"
root: Level 9: Evaling filter expression "datastore_types.Key.from_path(u'Room', 114, _app=u'hlhomestay') == datastore_types.Key.from_path(u'Room', 120, _app=u'hlhomestay')"
root: Level 9: Evaling filter expression "datastore_types.Key.from_path(u'Room', 100, _app=u'hlhomestay') == datastore_types.Key.from_path(u'Room', 120, _app=u'hlhomestay')"
root: Level 9: Evaling filter expression "datastore_types.Key.from_path(u'Room', 58, _app=u'hlhomestay') == datastore_types.Key.from_path(u'Room', 120, _app=u'hlhomestay')"
--------------------- >> end captured logging << ---------------------

----------------------------------------------------------------------
Ran 11 tests in 7.768s

FAILED (failures=2)
